<?xml version="1.0" encoding="UTF-8"?>
<!-- Generated by org.testng.reporters.JUnitReportReporter -->
<testsuite hostname="YP1007034LT" name="com.automation.cucumber.Runner" tests="1" failures="0" timestamp="28 Aug 2019 08:39:33 GMT" time="11.470" errors="0">
  <testcase name="feature" time="11.470" classname="com.automation.cucumber.Runner"/>
</testsuite> <!-- com.automation.cucumber.Runner -->
