<?xml version="1.0" encoding="UTF-8"?>
<!-- Generated by org.testng.reporters.JUnitReportReporter -->
<testsuite hostname="YP1007034LT" name="com.automation.cucumber.Runner" tests="1" failures="0" timestamp="25 Aug 2019 08:53:02 GMT" time="10.739" errors="0">
  <testcase name="feature" time="10.739" classname="com.automation.cucumber.Runner"/>
</testsuite> <!-- com.automation.cucumber.Runner -->
