<?xml version="1.0" encoding="UTF-8"?>
<!-- Generated by org.testng.reporters.JUnitReportReporter -->
<testsuite hostname="YP1007034LT" name="com.automation.cucumber.Runner" tests="1" failures="0" timestamp="29 Aug 2019 15:03:01 GMT" time="7.008" errors="0">
  <testcase name="feature" time="7.008" classname="com.automation.cucumber.Runner"/>
</testsuite> <!-- com.automation.cucumber.Runner -->
